<?xml version="1.0" encoding="UTF-8"?>
<testng-results ignored="0" total="1" passed="1" failed="0" skipped="0">
  <reporter-output>
  </reporter-output>
  <suite started-at="2021-09-15T09:44:34 COT" name="Default suite" finished-at="2021-09-15T09:45:47 COT" duration-ms="73187">
    <groups>
    </groups>
    <test started-at="2021-09-15T09:44:34 COT" name="Default test" finished-at="2021-09-15T09:45:47 COT" duration-ms="73187">
      <class name="NewTest">
        <test-method is-config="true" signature="setUp()[pri:0, instance:NewTest@383bfa16]" started-at="2021-09-15T09:44:34 COT" name="setUp" finished-at="2021-09-15T09:44:49 COT" duration-ms="14174" status="PASS">
          <reporter-output>
          </reporter-output>
        </test-method> <!-- setUp -->
        <test-method signature="DiligenciamientoInformacion()[pri:0, instance:NewTest@383bfa16]" started-at="2021-09-15T09:44:49 COT" name="DiligenciamientoInformacion" finished-at="2021-09-15T09:45:47 COT" duration-ms="58889" status="PASS">
          <reporter-output>
          </reporter-output>
        </test-method> <!-- DiligenciamientoInformacion -->
      </class> <!-- NewTest -->
    </test> <!-- Default test -->
  </suite> <!-- Default suite -->
</testng-results>
